<?xml version="1.0" encoding="UTF-8"?>
<!-- Generated by org.testng.reporters.JUnitXMLReporter -->
<testsuite ignored="0" hostname="DESKTOP-DBEK55O" failures="0" tests="4" name="Test" time="0.136" errors="0" timestamp="2022-12-28T17:14:23 IST">
  <testcase classname="script.Testcs2" name="demo" time="0.025"/>
  <testcase classname="script.Testcs1" name="demo" time="0.007"/>
  <testcase classname="script.Testcs4" name="demo" time="0.003"/>
  <testcase classname="script.Testcs3" name="demo" time="0.005"/>
</testsuite> <!-- Test -->
