<?xml version="1.0" encoding="UTF-8"?>
<testng-results ignored="0" total="4" passed="4" failed="0" skipped="0">
  <reporter-output>
    <line>
      <![CDATA[Hi Nihira]]>
    </line>
    <line>
      <![CDATA[HI RENUKA]]>
    </line>
    <line>
      <![CDATA[Hi BALAJI]]>
    </line>
    <line>
      <![CDATA[HI Reyansh]]>
    </line>
  </reporter-output>
  <suite started-at="2022-12-28T17:14:22 IST" name="Suite" finished-at="2022-12-28T17:14:23 IST" duration-ms="136">
    <groups>
    </groups>
    <test started-at="2022-12-28T17:14:22 IST" name="Test" finished-at="2022-12-28T17:14:23 IST" duration-ms="136">
      <class name="script.Testcs4">
        <test-method signature="demo()[pri:0, instance:script.Testcs4@6c130c45]" started-at="2022-12-28T17:14:23 IST" name="demo" finished-at="2022-12-28T17:14:23 IST" duration-ms="3" status="PASS">
          <reporter-output>
            <line>
              <![CDATA[Hi BALAJI]]>
            </line>
          </reporter-output>
        </test-method> <!-- demo -->
      </class> <!-- script.Testcs4 -->
      <class name="script.Testcs3">
        <test-method signature="demo()[pri:0, instance:script.Testcs3@50ad3bc1]" started-at="2022-12-28T17:14:23 IST" name="demo" finished-at="2022-12-28T17:14:23 IST" duration-ms="5" status="PASS">
          <reporter-output>
            <line>
              <![CDATA[HI Reyansh]]>
            </line>
          </reporter-output>
        </test-method> <!-- demo -->
      </class> <!-- script.Testcs3 -->
      <class name="script.Testcs2">
        <test-method signature="demo()[pri:0, instance:script.Testcs2@5ace1ed4]" started-at="2022-12-28T17:14:23 IST" name="demo" finished-at="2022-12-28T17:14:23 IST" duration-ms="25" status="PASS">
          <reporter-output>
            <line>
              <![CDATA[Hi Nihira]]>
            </line>
          </reporter-output>
        </test-method> <!-- demo -->
      </class> <!-- script.Testcs2 -->
      <class name="script.Testcs1">
        <test-method signature="demo()[pri:0, instance:script.Testcs1@6a84a97d]" started-at="2022-12-28T17:14:23 IST" name="demo" finished-at="2022-12-28T17:14:23 IST" duration-ms="7" status="PASS">
          <reporter-output>
            <line>
              <![CDATA[HI RENUKA]]>
            </line>
          </reporter-output>
        </test-method> <!-- demo -->
      </class> <!-- script.Testcs1 -->
    </test> <!-- Test -->
  </suite> <!-- Suite -->
</testng-results>
